TN:
SF:src\App.jsx
FN:2,App
FNF:1
FNH:1
FNDA:2,App
DA:3,2
LF:1
LH:1
BRF:0
BRH:0
end_of_record
TN:
SF:src\components\DataTable.jsx
FN:11,DataTable
FN:24,(anonymous_1)
FNF:2
FNH:2
FNDA:6,DataTable
FNDA:9,(anonymous_1)
DA:12,6
DA:25,9
LF:2
LH:2
BRF:0
BRH:0
end_of_record
TN:
SF:src\components\ErrorBoundary.jsx
FN:4,(anonymous_0)
FN:12,(anonymous_1)
FN:18,(anonymous_2)
FN:22,(anonymous_3)
FNF:4
FNH:4
FNDA:3,(anonymous_0)
FNDA:2,(anonymous_1)
FNDA:1,(anonymous_2)
FNDA:4,(anonymous_3)
DA:5,3
DA:7,2
DA:13,2
DA:19,1
DA:23,4
DA:24,2
DA:29,2
LF:7
LH:7
BRDA:23,0,0,2
BRDA:23,0,1,2
BRF:2
BRH:2
end_of_record
TN:
SF:src\components\ErrorState.jsx
FN:3,ErrorState
FNF:1
FNH:1
FNDA:1,ErrorState
DA:4,1
LF:1
LH:1
BRF:0
BRH:0
end_of_record
TN:
SF:src\components\FallbackUI.jsx
FN:7,FallbackUI
FN:32,(anonymous_1)
FNF:2
FNH:1
FNDA:3,FallbackUI
FNDA:0,(anonymous_1)
DA:8,3
DA:33,0
LF:2
LH:1
BRF:0
BRH:0
end_of_record
TN:
SF:src\components\KpiCard.jsx
FN:3,KpiCard
FNF:1
FNH:1
FNDA:18,KpiCard
DA:4,18
LF:1
LH:1
BRF:0
BRH:0
end_of_record
TN:
SF:src\components\Loader.jsx
FN:3,Loader
FNF:1
FNH:1
FNDA:12,Loader
DA:4,12
LF:1
LH:1
BRF:0
BRH:0
end_of_record
TN:
SF:src\components\MemoKpiCard.jsx
FNF:0
FNH:0
LF:0
LH:0
BRF:0
BRH:0
end_of_record
TN:
SF:src\components\SearchBar.jsx
FN:3,SearchBar
FNF:1
FNH:1
FNDA:6,SearchBar
DA:4,6
LF:1
LH:1
BRF:0
BRH:0
end_of_record
TN:
SF:src\features\approval\ApprovalPage.jsx
FN:21,ApprovalPage
FN:28,(anonymous_1)
FN:32,(anonymous_2)
FN:33,(anonymous_3)
FN:48,(anonymous_4)
FN:55,(anonymous_5)
FN:61,(anonymous_6)
FN:67,(anonymous_7)
FN:73,(anonymous_8)
FN:152,(anonymous_9)
FN:208,(anonymous_10)
FN:238,(anonymous_11)
FN:249,(anonymous_12)
FN:260,(anonymous_13)
FN:271,(anonymous_14)
FNF:15
FNH:11
FNDA:9,ApprovalPage
FNDA:2,(anonymous_1)
FNDA:2,(anonymous_2)
FNDA:8,(anonymous_3)
FNDA:0,(anonymous_4)
FNDA:36,(anonymous_5)
FNDA:36,(anonymous_6)
FNDA:36,(anonymous_7)
FNDA:36,(anonymous_8)
FNDA:0,(anonymous_9)
FNDA:36,(anonymous_10)
FNDA:0,(anonymous_11)
FNDA:0,(anonymous_12)
FNDA:1,(anonymous_13)
FNDA:1,(anonymous_14)
DA:23,9
DA:26,9
DA:28,9
DA:32,2
DA:33,2
DA:34,8
DA:45,9
DA:49,0
DA:54,9
DA:56,36
DA:60,9
DA:62,36
DA:66,9
DA:68,36
DA:72,9
DA:74,36
DA:77,9
DA:153,0
DA:209,36
DA:239,0
DA:250,0
DA:261,1
DA:272,1
LF:23
LH:19
BRDA:34,0,0,2
BRDA:34,0,1,6
BRDA:45,1,0,9
BRDA:45,1,1,0
BRF:4
BRH:3
end_of_record
TN:
SF:src\features\audit\AuditPage.jsx
FN:16,AuditPage
FN:109,(anonymous_1)
FNF:2
FNH:2
FNDA:4,AuditPage
FNDA:12,(anonymous_1)
DA:17,4
DA:110,12
LF:2
LH:2
BRF:0
BRH:0
end_of_record
TN:
SF:src\features\auth\AccessDeniedPage.jsx
FN:11,AccessDeniedPage
FN:41,(anonymous_1)
FNF:2
FNH:2
FNDA:2,AccessDeniedPage
FNDA:1,(anonymous_1)
DA:13,2
DA:15,2
DA:42,1
LF:3
LH:3
BRF:0
BRH:0
end_of_record
TN:
SF:src\features\auth\ForgotPasswordPage.jsx
FN:14,ForgotPasswordPage
FN:25,(anonymous_1)
FNF:2
FNH:2
FNDA:8,ForgotPasswordPage
FNDA:1,(anonymous_1)
DA:19,8
DA:25,8
DA:26,1
DA:31,8
LF:4
LH:4
BRF:0
BRH:0
end_of_record
TN:
SF:src\features\auth\LoginPage.jsx
FN:20,LoginPage
FN:33,(anonymous_1)
FN:35,(anonymous_2)
FNF:3
FNH:3
FNDA:19,LoginPage
FNDA:2,(anonymous_1)
FNDA:6,(anonymous_2)
DA:21,19
DA:23,19
DA:29,19
DA:33,19
DA:34,2
DA:36,6
DA:40,2
DA:41,1
DA:44,1
DA:47,1
DA:51,1
DA:53,19
LF:12
LH:12
BRDA:36,0,0,6
BRDA:36,0,1,1
BRDA:40,1,0,1
BRDA:40,1,1,1
BRF:4
BRH:4
end_of_record
TN:
SF:src\features\auth\ResetPasswordPage.jsx
FN:14,ResetPasswordPage
FN:25,(anonymous_1)
FNF:2
FNH:2
FNDA:8,ResetPasswordPage
FNDA:1,(anonymous_1)
DA:19,8
DA:25,8
DA:26,1
DA:31,8
LF:4
LH:4
BRF:0
BRH:0
end_of_record
TN:
SF:src\features\auth\SessionExpiredPage.jsx
FN:9,SessionExpiredPage
FN:38,(anonymous_1)
FNF:2
FNH:2
FNDA:2,SessionExpiredPage
FNDA:1,(anonymous_1)
DA:10,2
DA:12,2
DA:39,1
LF:3
LH:3
BRF:0
BRH:0
end_of_record
TN:
SF:src\features\auth\forgotPasswordSchema.js
FNF:0
FNH:0
DA:3,1
LF:1
LH:1
BRF:0
BRH:0
end_of_record
TN:
SF:src\features\auth\loginSchema.js
FNF:0
FNH:0
DA:3,2
LF:1
LH:1
BRF:0
BRH:0
end_of_record
TN:
SF:src\features\auth\resetPasswordSchema.js
FNF:0
FNH:0
DA:3,1
LF:1
LH:1
BRF:0
BRH:0
end_of_record
TN:
SF:src\features\compliance\CompliancePage.jsx
FN:14,CompliancePage
FN:63,(anonymous_1)
FN:114,(anonymous_2)
FNF:3
FNH:3
FNDA:3,CompliancePage
FNDA:9,(anonymous_1)
FNDA:9,(anonymous_2)
DA:15,3
DA:30,3
DA:48,3
DA:64,9
DA:115,9
LF:5
LH:5
BRF:0
BRH:0
end_of_record
TN:
SF:src\features\dashboard\DashboardPage.jsx
FN:26,DashboardPage
FN:27,(anonymous_1)
FN:29,(anonymous_2)
FN:32,(anonymous_3)
FN:37,(anonymous_4)
FN:81,(anonymous_5)
FN:192,(anonymous_6)
FNF:7
FNH:5
FNDA:1,DashboardPage
FNDA:1,(anonymous_1)
FNDA:0,(anonymous_2)
FNDA:0,(anonymous_3)
FNDA:2,(anonymous_4)
FNDA:7,(anonymous_5)
FNDA:4,(anonymous_6)
DA:27,1
DA:28,1
DA:30,0
DA:33,0
DA:36,1
DA:37,2
DA:40,1
DA:71,1
DA:82,7
DA:193,4
LF:10
LH:8
BRF:0
BRH:0
end_of_record
TN:
SF:src\features\notifications\NotificationsPage.jsx
FN:23,NotificationsPage
FN:27,(anonymous_1)
FN:29,(anonymous_2)
FN:31,(anonymous_3)
FN:45,(anonymous_4)
FN:51,(anonymous_5)
FN:55,(anonymous_6)
FN:57,(anonymous_7)
FN:73,(anonymous_8)
FN:78,(anonymous_9)
FN:193,(anonymous_10)
FN:230,(anonymous_11)
FNF:12
FNH:12
FNDA:7,NotificationsPage
FNDA:5,(anonymous_1)
FNDA:1,(anonymous_2)
FNDA:1,(anonymous_3)
FNDA:5,(anonymous_4)
FNDA:1,(anonymous_5)
FNDA:1,(anonymous_6)
FNDA:2,(anonymous_7)
FNDA:16,(anonymous_8)
FNDA:16,(anonymous_9)
FNDA:16,(anonymous_10)
FNDA:1,(anonymous_11)
DA:25,7
DA:27,7
DA:29,5
DA:30,1
DA:31,1
DA:45,5
DA:46,5
DA:51,7
DA:54,1
DA:56,1
DA:60,2
DA:72,7
DA:73,16
DA:77,7
DA:79,16
DA:85,7
DA:196,16
DA:231,1
LF:18
LH:18
BRDA:60,0,0,1
BRDA:60,0,1,1
BRDA:79,1,0,16
BRDA:79,1,1,8
BRDA:222,2,0,8
BRDA:222,2,1,8
BRDA:228,3,0,16
BRDA:228,3,1,8
BRF:8
BRH:8
end_of_record
TN:
SF:src\features\procurement\ProcurementDetailsPage.jsx
FN:17,ProcurementDetailsPage
FN:23,(anonymous_1)
FN:47,(anonymous_2)
FNF:3
FNH:3
FNDA:11,ProcurementDetailsPage
FNDA:14,(anonymous_1)
FNDA:4,(anonymous_2)
DA:18,11
DA:20,11
DA:22,11
DA:23,14
DA:26,11
DA:27,1
DA:36,10
DA:48,4
LF:8
LH:8
BRDA:26,0,0,1
BRDA:26,0,1,10
BRDA:59,1,0,10
BRDA:59,1,1,6
BRDA:85,2,0,10
BRDA:85,2,1,1
BRDA:101,3,0,10
BRDA:101,3,1,1
BRDA:123,4,0,10
BRDA:123,4,1,1
BRDA:139,5,0,10
BRDA:139,5,1,1
BRF:12
BRH:12
end_of_record
TN:
SF:src\features\procurement\ProcurementPage.jsx
FN:32,ProcurementPage
FN:37,(anonymous_1)
FN:56,(anonymous_2)
FN:61,(anonymous_3)
FN:64,(anonymous_4)
FN:85,(anonymous_5)
FN:116,(anonymous_6)
FN:128,(anonymous_7)
FN:141,(anonymous_8)
FN:181,(anonymous_9)
FN:193,(anonymous_10)
FN:221,(anonymous_11)
FN:267,(anonymous_12)
FN:318,(anonymous_13)
FNF:14
FNH:11
FNDA:22,ProcurementPage
FNDA:43,(anonymous_1)
FNDA:7,(anonymous_2)
FNDA:10,(anonymous_3)
FNDA:34,(anonymous_4)
FNDA:36,(anonymous_5)
FNDA:1,(anonymous_6)
FNDA:4,(anonymous_7)
FNDA:5,(anonymous_8)
FNDA:1,(anonymous_9)
FNDA:0,(anonymous_10)
FNDA:0,(anonymous_11)
FNDA:70,(anonymous_12)
FNDA:0,(anonymous_13)
DA:33,22
DA:36,22
DA:38,43
DA:42,22
DA:45,22
DA:48,22
DA:51,22
DA:54,22
DA:56,22
DA:57,7
DA:61,22
DA:63,10
DA:66,34
DA:73,34
DA:78,34
DA:85,10
DA:86,36
DA:89,36
DA:95,0
DA:101,10
DA:110,22
DA:116,22
DA:117,1
DA:127,1
DA:129,4
DA:140,1
DA:142,5
DA:146,1
DA:154,1
DA:159,1
DA:161,1
DA:163,1
DA:166,1
DA:169,22
DA:182,1
DA:194,0
DA:222,0
DA:268,70
DA:322,0
LF:39
LH:35
BRDA:73,0,0,34
BRDA:73,0,1,0
BRDA:79,1,0,34
BRDA:79,1,1,31
BRDA:86,2,0,36
BRDA:86,2,1,0
BRF:6
BRH:4
end_of_record
TN:
SF:src\features\reports\ReportsPage.jsx
FN:21,ReportsPage
FN:26,(anonymous_1)
FN:34,(anonymous_2)
FN:40,(anonymous_3)
FN:47,(anonymous_4)
FN:78,(anonymous_5)
FN:85,(anonymous_6)
FN:130,(anonymous_7)
FN:197,(anonymous_8)
FNF:9
FNH:7
FNDA:5,ReportsPage
FNDA:5,(anonymous_1)
FNDA:0,(anonymous_2)
FNDA:1,(anonymous_3)
FNDA:4,(anonymous_4)
FNDA:1,(anonymous_5)
FNDA:4,(anonymous_6)
FNDA:0,(anonymous_7)
FNDA:20,(anonymous_8)
DA:23,5
DA:26,5
DA:27,5
DA:30,5
DA:33,0
DA:35,0
DA:40,5
DA:42,1
DA:45,1
DA:48,4
DA:53,1
DA:61,1
DA:66,1
DA:70,1
DA:72,1
DA:75,1
DA:78,5
DA:80,1
DA:83,1
DA:86,4
DA:91,1
DA:100,1
DA:105,1
DA:109,1
DA:111,1
DA:114,1
DA:117,5
DA:131,0
DA:198,20
LF:29
LH:26
BRDA:27,0,0,5
BRDA:27,0,1,0
BRDA:214,1,0,15
BRDA:214,1,1,5
BRF:4
BRH:3
end_of_record
TN:
SF:src\features\risk\RiskPage.jsx
FN:27,RiskPage
FN:30,(anonymous_1)
FN:141,(anonymous_2)
FNF:3
FNH:3
FNDA:3,RiskPage
FNDA:9,(anonymous_1)
FNDA:9,(anonymous_2)
DA:29,3
DA:31,9
DA:35,3
DA:142,9
LF:4
LH:4
BRF:0
BRH:0
end_of_record
TN:
SF:src\features\settings\SettingsPage.jsx
FN:28,SettingsPage
FN:33,(anonymous_1)
FN:51,(anonymous_2)
FN:57,(anonymous_3)
FN:66,(anonymous_4)
FN:98,(anonymous_5)
FN:201,(anonymous_6)
FN:244,(anonymous_7)
FN:276,(anonymous_8)
FN:287,(anonymous_9)
FN:305,(anonymous_10)
FN:318,(anonymous_11)
FN:331,(anonymous_12)
FN:358,(anonymous_13)
FNF:14
FNH:10
FNDA:23,SettingsPage
FNDA:33,(anonymous_1)
FNDA:33,(anonymous_2)
FNDA:33,(anonymous_3)
FNDA:3,(anonymous_4)
FNDA:0,(anonymous_5)
FNDA:1,(anonymous_6)
FNDA:1,(anonymous_7)
FNDA:4,(anonymous_8)
FNDA:0,(anonymous_9)
FNDA:0,(anonymous_10)
FNDA:3,(anonymous_11)
FNDA:3,(anonymous_12)
FNDA:0,(anonymous_13)
DA:30,23
DA:32,23
DA:33,33
DA:36,23
DA:39,23
DA:42,23
DA:45,23
DA:48,23
DA:50,23
DA:52,33
DA:56,23
DA:58,33
DA:62,23
DA:66,23
DA:68,3
DA:70,3
DA:73,1
DA:76,1
DA:79,2
DA:83,1
DA:86,1
DA:89,1
DA:94,1
DA:98,1
DA:99,0
DA:103,0
DA:105,0
DA:106,0
DA:107,0
DA:110,1
DA:111,1
DA:112,1
DA:114,23
DA:202,1
DA:245,1
DA:277,4
DA:288,0
DA:289,0
DA:306,0
DA:319,3
DA:332,3
DA:359,0
DA:362,0
LF:43
LH:33
BRDA:62,0,0,1
BRDA:62,0,1,22
BRDA:70,1,0,1
BRDA:70,1,1,2
BRDA:79,2,0,1
BRDA:79,2,1,1
BRDA:147,3,0,23
BRDA:147,3,1,0
BRDA:159,4,0,23
BRDA:159,4,1,0
BRDA:171,5,0,23
BRDA:171,5,1,0
BRDA:338,6,0,23
BRDA:338,6,1,3
BRDA:344,7,0,1
BRDA:344,7,1,2
BRF:16
BRH:13
end_of_record
TN:
SF:src\features\vendors\VendorDetailsPage.jsx
FN:11,VendorDetailsPage
FN:15,(anonymous_1)
FNF:2
FNH:2
FNDA:2,VendorDetailsPage
FNDA:4,(anonymous_1)
DA:12,2
DA:14,2
DA:16,4
DA:19,2
DA:20,1
DA:29,1
LF:6
LH:6
BRDA:19,0,0,1
BRDA:19,0,1,1
BRF:2
BRH:2
end_of_record
TN:
SF:src\features\vendors\VendorsPage.jsx
FN:29,VendorsPage
FN:43,(anonymous_1)
FN:46,(anonymous_2)
FN:51,(anonymous_3)
FN:53,(anonymous_4)
FN:93,(anonymous_5)
FN:100,(anonymous_6)
FN:154,(anonymous_7)
FN:172,(anonymous_8)
FN:200,(anonymous_9)
FNF:10
FNH:7
FNDA:6,VendorsPage
FNDA:12,(anonymous_1)
FNDA:3,(anonymous_2)
FNDA:5,(anonymous_3)
FNDA:8,(anonymous_4)
FNDA:8,(anonymous_5)
FNDA:8,(anonymous_6)
FNDA:0,(anonymous_7)
FNDA:0,(anonymous_8)
FNDA:0,(anonymous_9)
DA:30,6
DA:33,6
DA:36,6
DA:39,6
DA:42,6
DA:43,12
DA:46,6
DA:47,3
DA:51,6
DA:52,5
DA:55,8
DA:62,8
DA:68,8
DA:73,8
DA:87,6
DA:88,1
DA:92,5
DA:94,8
DA:99,5
DA:101,8
DA:104,5
DA:155,0
DA:173,0
DA:201,0
LF:24
LH:21
BRDA:62,0,0,8
BRDA:62,0,1,0
BRDA:68,1,0,8
BRDA:68,1,1,0
BRDA:74,2,0,8
BRDA:74,2,1,8
BRDA:74,2,2,8
BRDA:87,3,0,1
BRDA:87,3,1,5
BRF:9
BRH:7
end_of_record
TN:
SF:src\layouts\Footer.jsx
FN:6,Footer
FNF:1
FNH:1
FNDA:20,Footer
DA:7,20
LF:1
LH:1
BRF:0
BRH:0
end_of_record
TN:
SF:src\layouts\Header.jsx
FN:32,Header
FN:38,(anonymous_1)
FN:48,(anonymous_2)
FN:54,(anonymous_3)
FN:60,(anonymous_4)
FN:69,(anonymous_5)
FN:193,(anonymous_6)
FN:228,(anonymous_7)
FNF:8
FNH:8
FNDA:60,Header
FNDA:1,(anonymous_1)
FNDA:111,(anonymous_2)
FNDA:111,(anonymous_3)
FNDA:111,(anonymous_4)
FNDA:12,(anonymous_5)
FNDA:12,(anonymous_6)
FNDA:1,(anonymous_7)
DA:34,60
DA:37,60
DA:38,60
DA:39,1
DA:41,1
DA:44,60
DA:47,60
DA:49,111
DA:53,60
DA:55,111
DA:59,60
DA:61,111
DA:65,60
DA:68,60
DA:70,12
DA:73,1
DA:76,11
DA:80,11
DA:85,1
DA:89,10
DA:94,1
DA:98,9
DA:103,1
DA:107,8
DA:112,1
DA:116,7
DA:121,1
DA:125,6
DA:130,1
DA:134,5
DA:139,1
DA:143,4
DA:148,1
DA:152,3
DA:157,1
DA:161,2
DA:166,1
DA:173,60
DA:194,12
DA:229,1
LF:40
LH:40
BRDA:70,0,0,1
BRDA:70,0,1,11
BRDA:80,1,0,1
BRDA:80,1,1,10
BRDA:89,2,0,1
BRDA:89,2,1,9
BRDA:98,3,0,1
BRDA:98,3,1,8
BRDA:107,4,0,1
BRDA:107,4,1,7
BRDA:116,5,0,1
BRDA:116,5,1,6
BRDA:125,6,0,1
BRDA:125,6,1,5
BRDA:134,7,0,1
BRDA:134,7,1,4
BRDA:143,8,0,1
BRDA:143,8,1,3
BRDA:152,9,0,1
BRDA:152,9,1,2
BRDA:161,10,0,1
BRDA:161,10,1,1
BRDA:243,11,0,60
BRDA:243,11,1,1
BRDA:252,12,0,60
BRDA:252,12,1,1
BRF:26
BRH:26
end_of_record
TN:
SF:src\layouts\MainLayout.jsx
FN:7,MainLayout
FNF:1
FNH:1
FNDA:28,MainLayout
DA:10,28
LF:1
LH:1
BRF:0
BRH:0
end_of_record
TN:
SF:src\layouts\Sidebar.jsx
FN:125,Sidebar
FN:127,(anonymous_1)
FN:140,(anonymous_2)
FN:145,(anonymous_3)
FNF:4
FNH:4
FNDA:29,Sidebar
FNDA:61,(anonymous_1)
FNDA:290,(anonymous_2)
FNDA:280,(anonymous_3)
DA:24,3
DA:126,29
DA:127,61
DA:130,29
DA:141,290
DA:146,280
LF:6
LH:6
BRF:0
BRH:0
end_of_record
TN:
SF:src\routes\AppRoutes.jsx
FN:12,(anonymous_0)
FN:17,(anonymous_1)
FN:21,(anonymous_2)
FN:25,(anonymous_3)
FN:29,(anonymous_4)
FN:33,(anonymous_5)
FN:37,(anonymous_6)
FN:41,(anonymous_7)
FN:45,(anonymous_8)
FN:49,(anonymous_9)
FN:53,(anonymous_10)
FN:57,(anonymous_11)
FN:61,(anonymous_12)
FN:65,(anonymous_13)
FN:69,(anonymous_14)
FN:73,(anonymous_15)
FN:77,(anonymous_16)
FN:81,AppRoutes
FNF:18
FNH:11
FNDA:0,(anonymous_0)
FNDA:0,(anonymous_1)
FNDA:1,(anonymous_2)
FNDA:1,(anonymous_3)
FNDA:0,(anonymous_4)
FNDA:0,(anonymous_5)
FNDA:0,(anonymous_6)
FNDA:0,(anonymous_7)
FNDA:1,(anonymous_8)
FNDA:1,(anonymous_9)
FNDA:1,(anonymous_10)
FNDA:0,(anonymous_11)
FNDA:1,(anonymous_12)
FNDA:1,(anonymous_13)
FNDA:1,(anonymous_14)
FNDA:1,(anonymous_15)
FNDA:1,(anonymous_16)
FNDA:10,AppRoutes
DA:12,1
DA:13,0
DA:17,1
DA:18,0
DA:21,1
DA:22,1
DA:25,1
DA:26,1
DA:29,1
DA:30,0
DA:33,1
DA:34,0
DA:37,1
DA:38,0
DA:41,1
DA:42,0
DA:45,1
DA:46,1
DA:49,1
DA:50,1
DA:53,1
DA:54,1
DA:57,1
DA:58,0
DA:61,1
DA:62,1
DA:65,1
DA:66,1
DA:69,1
DA:70,1
DA:73,1
DA:74,1
DA:77,1
DA:78,1
DA:82,10
LF:35
LH:28
BRF:0
BRH:0
end_of_record
TN:
SF:src\routes\ProtectedRoute.jsx
FN:5,ProtectedRoute
FN:10,(anonymous_1)
FNF:2
FNH:2
FNDA:29,ProtectedRoute
FNDA:61,(anonymous_1)
DA:9,29
DA:11,61
DA:14,29
LF:3
LH:3
BRDA:14,0,0,28
BRDA:14,0,1,1
BRF:2
BRH:2
end_of_record
TN:
SF:src\routes\RoleProtectedRoute.jsx
FN:7,RoleProtectedRoute
FN:13,(anonymous_1)
FNF:2
FNH:2
FNDA:23,RoleProtectedRoute
FNDA:49,(anonymous_1)
DA:12,23
DA:14,49
DA:17,23
DA:22,1
DA:30,22
LF:5
LH:5
BRDA:17,0,0,1
BRDA:17,0,1,22
BRF:2
BRH:2
end_of_record
TN:
SF:src\services\apiClient.js
FN:15,(anonymous_0)
FN:33,(anonymous_1)
FN:47,(anonymous_2)
FN:55,(anonymous_3)
FNF:4
FNH:2
FNDA:3,(anonymous_0)
FNDA:0,(anonymous_1)
FNDA:2,(anonymous_2)
FNDA:0,(anonymous_3)
DA:3,2
DA:14,2
DA:16,3
DA:22,3
DA:26,3
DA:27,0
DA:31,3
DA:34,0
DA:39,0
DA:46,2
DA:48,2
DA:53,2
DA:56,0
DA:59,0
DA:63,0
DA:66,0
DA:69,0
DA:72,0
DA:75,0
DA:78,0
DA:81,0
DA:84,0
DA:87,0
DA:91,0
DA:95,0
DA:99,0
DA:104,0
LF:27
LH:9
BRDA:26,0,0,0
BRDA:26,0,1,3
BRDA:56,1,0,0
BRDA:56,1,1,0
BRDA:59,2,0,0
BRDA:59,2,1,0
BRDA:59,2,2,0
BRDA:59,2,3,0
BRDA:59,2,4,0
BRDA:91,3,0,0
BRDA:91,3,1,0
BRF:11
BRH:1
end_of_record
TN:
SF:src\services\requestService.js
FN:4,(anonymous_0)
FN:14,(anonymous_1)
FNF:2
FNH:2
FNDA:2,(anonymous_0)
FNDA:1,(anonymous_1)
DA:4,2
DA:6,2
DA:10,1
DA:14,2
DA:16,1
DA:20,1
LF:6
LH:6
BRF:0
BRH:0
end_of_record
TN:
SF:src\services\vendorService.js
FN:4,(anonymous_0)
FN:5,(anonymous_1)
FN:6,(anonymous_2)
FNF:3
FNH:3
FNDA:1,(anonymous_0)
FNDA:1,(anonymous_1)
FNDA:1,(anonymous_2)
DA:3,3
DA:5,1
DA:6,1
DA:7,1
LF:4
LH:4
BRF:0
BRH:0
end_of_record
TN:
SF:src\store\store.js
FN:79,(anonymous_0)
FNF:1
FNH:1
FNDA:2,(anonymous_0)
DA:23,2
DA:28,2
DA:34,2
DA:40,2
DA:46,2
DA:82,2
DA:89,2
LF:7
LH:7
BRF:0
BRH:0
end_of_record
TN:
SF:src\store\slices\auditSlice.js
FNF:0
FNH:0
DA:3,3
LF:1
LH:1
BRF:0
BRH:0
end_of_record
TN:
SF:src\store\slices\authSlice.js
FN:14,(anonymous_0)
FN:19,(anonymous_1)
FNF:2
FNH:2
FNDA:2,(anonymous_0)
FNDA:1,(anonymous_1)
DA:3,7
DA:8,7
DA:15,2
DA:16,2
DA:20,1
DA:21,1
DA:29,7
LF:7
LH:7
BRF:0
BRH:0
end_of_record
TN:
SF:src\store\slices\complianceSlice.js
FNF:0
FNH:0
DA:3,3
LF:1
LH:1
BRF:0
BRH:0
end_of_record
TN:
SF:src\store\slices\dashboardSlice.js
FNF:0
FNH:0
DA:3,3
DA:66,3
LF:2
LH:2
BRF:0
BRH:0
end_of_record
TN:
SF:src\store\slices\notificationSlice.js
FNF:0
FNH:0
DA:3,3
LF:1
LH:1
BRF:0
BRH:0
end_of_record
TN:
SF:src\store\slices\procurementSlice.js
FN:11,(anonymous_0)
FN:27,(anonymous_1)
FN:32,(anonymous_2)
FN:39,(anonymous_3)
FN:48,(anonymous_4)
FNF:5
FNH:4
FNDA:7,(anonymous_0)
FNDA:4,(anonymous_1)
FNDA:7,(anonymous_2)
FNDA:7,(anonymous_3)
FNDA:0,(anonymous_4)
DA:9,4
DA:12,7
DA:17,4
DA:28,4
DA:33,7
DA:40,7
DA:41,7
DA:49,0
LF:8
LH:7
BRF:0
BRH:0
end_of_record
TN:
SF:src\store\slices\reportSlice.js
FNF:0
FNH:0
DA:3,3
DA:7,3
LF:2
LH:2
BRF:0
BRH:0
end_of_record
TN:
SF:src\store\slices\riskSlice.js
FNF:0
FNH:0
DA:3,3
LF:1
LH:1
BRF:0
BRH:0
end_of_record
TN:
SF:src\store\slices\uiSlice.js
FN:18,(anonymous_0)
FN:33,(anonymous_1)
FNF:2
FNH:2
FNDA:1,(anonymous_0)
FNDA:1,(anonymous_1)
DA:4,6
DA:6,6
DA:22,1
DA:25,1
DA:37,1
DA:46,6
LF:6
LH:6
BRDA:11,0,0,0
BRDA:11,0,1,6
BRDA:27,1,0,1
BRDA:27,1,1,0
BRF:4
BRH:2
end_of_record
TN:
SF:src\store\slices\vendorSlice.js
FN:6,(anonymous_0)
FN:22,(anonymous_1)
FN:25,(anonymous_2)
FN:29,(anonymous_3)
FN:34,(anonymous_4)
FNF:5
FNH:4
FNDA:1,(anonymous_0)
FNDA:3,(anonymous_1)
FNDA:1,(anonymous_2)
FNDA:1,(anonymous_3)
FNDA:0,(anonymous_4)
DA:4,3
DA:7,1
DA:8,1
DA:12,3
DA:23,3
DA:26,1
DA:30,1
DA:31,1
DA:35,0
LF:9
LH:8
BRF:0
BRH:0
end_of_record
